<?xml version="1.0" encoding="UTF-8"?>
<!-- Generated by org.testng.reporters.JUnitReportReporter -->
<testsuite skipped="0" hostname="DESKTOP-F2O9DP9" name="com.bikeJunction.pageObject1.TestClass2" tests="5" failures="0" timestamp="2023-01-21T17:43:15 IST" time="5.899" errors="0">
  <testcase name="verifygetOnRoadPrice" time="0.645" classname="com.bikeJunction.pageObject1.TestClass2"/>
  <system-out/>
  <testcase name="verifydealer" time="1.450" classname="com.bikeJunction.pageObject1.TestClass2"/>
  <system-out/>
  <testcase name="verifybikeLoan" time="1.431" classname="com.bikeJunction.pageObject1.TestClass2"/>
  <system-out/>
  <testcase name="verifycompareBike" time="1.395" classname="com.bikeJunction.pageObject1.TestClass2"/>
  <system-out/>
  <testcase name="verifyemiCalculator" time="0.978" classname="com.bikeJunction.pageObject1.TestClass2"/>
  <system-out/>
</testsuite> <!-- com.bikeJunction.pageObject1.TestClass2 -->
